<?xml version="1.0" encoding="UTF-8"?>
<testsuite name="PokerGameTest" tests="4" skipped="0" failures="0" errors="0" timestamp="2019-08-17T12:18:37" hostname="DESKTOP-SFT9UG0" time="0.008">
  <properties/>
  <testcase name="should_return_2_when_1H_1H_5S_6S_QD" classname="PokerGameTest" time="0.006"/>
  <testcase name="should_return_player1_when_1H_1H_5S_6S_QD_VS_1H_3H_5S_6S_KD" classname="PokerGameTest" time="0.0"/>
  <testcase name="should_return_player2_when_1H_3H_5S_6S_QD_VS_1H_3H_5S_JS_QD" classname="PokerGameTest" time="0.0"/>
  <testcase name="should_return_draw_when_1H_3H_5S_6S_QD_VS_1H_3H_5S_6S_QD" classname="PokerGameTest" time="0.0"/>
  <system-out><![CDATA[]]></system-out>
  <system-err><![CDATA[]]></system-err>
</testsuite>
