<?xml version="1.0" encoding="UTF-8"?>
<testsuite name="PokerGameTest" tests="1" skipped="0" failures="0" errors="0" timestamp="2019-08-17T14:54:22" hostname="DESKTOP-SFT9UG0" time="0.011">
  <properties/>
  <testcase name="should_return_player2_when_1H_1H_6S_6S_QD_VS_3H_3H_5S_5S_QD" classname="PokerGameTest" time="0.011"/>
  <system-out><![CDATA[key:1 vale:1
key:3 vale:3
key:6 vale:6
key:5 vale:5
key:12 vale:12
key:12 vale:12
]]></system-out>
  <system-err><![CDATA[]]></system-err>
</testsuite>
