<?xml version="1.0" encoding="UTF-8"?>
<testsuite name="PokerGameTest" tests="1" skipped="0" failures="0" errors="0" timestamp="2019-08-17T16:25:33" hostname="DESKTOP-SFT9UG0" time="0.009">
  <properties/>
  <testcase name="should_return_player2_when_3H_4H_5H_6H_7H_VS_4C_5C_6C_7C_8C" classname="PokerGameTest" time="0.009"/>
  <system-out><![CDATA[]]></system-out>
  <system-err><![CDATA[]]></system-err>
</testsuite>
