<?xml version="1.0" encoding="UTF-8"?>
<testsuite name="PokerGameTest" tests="1" skipped="0" failures="0" errors="0" timestamp="2019-08-17T14:34:19" hostname="DESKTOP-SFT9UG0" time="0.008">
  <properties/>
  <testcase name="should_return_player1_when_4H_4H_4S_5S_QD_VS_3H_3H_3S_6S_QD" classname="PokerGameTest" time="0.008"/>
  <system-out><![CDATA[]]></system-out>
  <system-err><![CDATA[]]></system-err>
</testsuite>
