<?xml version="1.0" encoding="UTF-8"?>
<testsuite name="PokerGameTest" tests="11" skipped="0" failures="1" errors="0" timestamp="2019-08-17T15:01:54" hostname="DESKTOP-SFT9UG0" time="0.055">
  <properties/>
  <testcase name="should_return_draw_when_4H_4H_4S_5S_QD_VS_4H_4H_4S_5S_QD" classname="PokerGameTest" time="0.019"/>
  <testcase name="should_return_player2_when_1H_1H_5S_5S_QD_VS_3H_3H_3S_6S_QD" classname="PokerGameTest" time="0.0"/>
  <testcase name="should_return_player1_when_1H_1H_5S_5S_QD_VS_3H_3H_5S_6S_QD" classname="PokerGameTest" time="0.001"/>
  <testcase name="should_return_player2_when_1H_1H_6S_6S_QD_VS_3H_3H_5S_5S_QD" classname="PokerGameTest" time="0.0"/>
  <testcase name="should_return_player1_when_4H_4H_4S_5S_QD_VS_3H_3H_3S_6S_QD" classname="PokerGameTest" time="0.0"/>
  <testcase name="should_return_player1_when_1H_1H_5S_6S_QD_VS_1H_3H_5S_6S_KD" classname="PokerGameTest" time="0.0"/>
  <testcase name="should_return_player1_when_1H_2H_3S_4S_5D_VS_4H_4H_4S_5S_QD" classname="PokerGameTest" time="0.007">
    <failure message="org.junit.ComparisonFailure: expected:&lt;Winner:player[1]&gt; but was:&lt;Winner:player[2]&gt;" type="org.junit.ComparisonFailure">org.junit.ComparisonFailure: expected:&lt;Winner:player[1]&gt; but was:&lt;Winner:player[2]&gt;
	at org.junit.Assert.assertEquals(Assert.java:115)
	at org.junit.Assert.assertEquals(Assert.java:144)
	at PokerGameTest.should_return_player1_when_1H_2H_3S_4S_5D_VS_4H_4H_4S_5S_QD(PokerGameTest.java:92)
	at sun.reflect.NativeMethodAccessorImpl.invoke0(Native Method)
	at sun.reflect.NativeMethodAccessorImpl.invoke(NativeMethodAccessorImpl.java:62)
	at sun.reflect.DelegatingMethodAccessorImpl.invoke(DelegatingMethodAccessorImpl.java:43)
	at java.lang.reflect.Method.invoke(Method.java:498)
	at org.junit.runners.model.FrameworkMethod$1.runReflectiveCall(FrameworkMethod.java:50)
	at org.junit.internal.runners.model.ReflectiveCallable.run(ReflectiveCallable.java:12)
	at org.junit.runners.model.FrameworkMethod.invokeExplosively(FrameworkMethod.java:47)
	at org.junit.internal.runners.statements.InvokeMethod.evaluate(InvokeMethod.java:17)
	at org.junit.runners.ParentRunner.runLeaf(ParentRunner.java:325)
	at org.junit.runners.BlockJUnit4ClassRunner.runChild(BlockJUnit4ClassRunner.java:78)
	at org.junit.runners.BlockJUnit4ClassRunner.runChild(BlockJUnit4ClassRunner.java:57)
	at org.junit.runners.ParentRunner$3.run(ParentRunner.java:290)
	at org.junit.runners.ParentRunner$1.schedule(ParentRunner.java:71)
	at org.junit.runners.ParentRunner.runChildren(ParentRunner.java:288)
	at org.junit.runners.ParentRunner.access$000(ParentRunner.java:58)
	at org.junit.runners.ParentRunner$2.evaluate(ParentRunner.java:268)
	at org.junit.runners.ParentRunner.run(ParentRunner.java:363)
	at org.gradle.api.internal.tasks.testing.junit.JUnitTestClassExecutor.runTestClass(JUnitTestClassExecutor.java:110)
	at org.gradle.api.internal.tasks.testing.junit.JUnitTestClassExecutor.execute(JUnitTestClassExecutor.java:58)
	at org.gradle.api.internal.tasks.testing.junit.JUnitTestClassExecutor.execute(JUnitTestClassExecutor.java:38)
	at org.gradle.api.internal.tasks.testing.junit.AbstractJUnitTestClassProcessor.processTestClass(AbstractJUnitTestClassProcessor.java:62)
	at org.gradle.api.internal.tasks.testing.SuiteTestClassProcessor.processTestClass(SuiteTestClassProcessor.java:51)
	at sun.reflect.NativeMethodAccessorImpl.invoke0(Native Method)
	at sun.reflect.NativeMethodAccessorImpl.invoke(NativeMethodAccessorImpl.java:62)
	at sun.reflect.DelegatingMethodAccessorImpl.invoke(DelegatingMethodAccessorImpl.java:43)
	at java.lang.reflect.Method.invoke(Method.java:498)
	at org.gradle.internal.dispatch.ReflectionDispatch.dispatch(ReflectionDispatch.java:35)
	at org.gradle.internal.dispatch.ReflectionDispatch.dispatch(ReflectionDispatch.java:24)
	at org.gradle.internal.dispatch.ContextClassLoaderDispatch.dispatch(ContextClassLoaderDispatch.java:32)
	at org.gradle.internal.dispatch.ProxyDispatchAdapter$DispatchingInvocationHandler.invoke(ProxyDispatchAdapter.java:93)
	at com.sun.proxy.$Proxy2.processTestClass(Unknown Source)
	at org.gradle.api.internal.tasks.testing.worker.TestWorker.processTestClass(TestWorker.java:118)
	at sun.reflect.NativeMethodAccessorImpl.invoke0(Native Method)
	at sun.reflect.NativeMethodAccessorImpl.invoke(NativeMethodAccessorImpl.java:62)
	at sun.reflect.DelegatingMethodAccessorImpl.invoke(DelegatingMethodAccessorImpl.java:43)
	at java.lang.reflect.Method.invoke(Method.java:498)
	at org.gradle.internal.dispatch.ReflectionDispatch.dispatch(ReflectionDispatch.java:35)
	at org.gradle.internal.dispatch.ReflectionDispatch.dispatch(ReflectionDispatch.java:24)
	at org.gradle.internal.remote.internal.hub.MessageHubBackedObjectConnection$DispatchWrapper.dispatch(MessageHubBackedObjectConnection.java:175)
	at org.gradle.internal.remote.internal.hub.MessageHubBackedObjectConnection$DispatchWrapper.dispatch(MessageHubBackedObjectConnection.java:157)
	at org.gradle.internal.remote.internal.hub.MessageHub$Handler.run(MessageHub.java:404)
	at org.gradle.internal.concurrent.ExecutorPolicy$CatchAndRecordFailures.onExecute(ExecutorPolicy.java:63)
	at org.gradle.internal.concurrent.ManagedExecutorImpl$1.run(ManagedExecutorImpl.java:46)
	at java.util.concurrent.ThreadPoolExecutor.runWorker(ThreadPoolExecutor.java:1149)
	at java.util.concurrent.ThreadPoolExecutor$Worker.run(ThreadPoolExecutor.java:624)
	at org.gradle.internal.concurrent.ThreadFactoryImpl$ManagedThreadRunnable.run(ThreadFactoryImpl.java:55)
	at java.lang.Thread.run(Thread.java:748)
</failure>
  </testcase>
  <testcase name="should_return_player2_when_1H_3H_5S_6S_QD_VS_1H_3H_5S_JS_QD" classname="PokerGameTest" time="0.001"/>
  <testcase name="should_return_player2_when_1H_1H_5S_6S_KD_VS_3H_3H_5S_6S_QD" classname="PokerGameTest" time="0.0"/>
  <testcase name="should_return_draw_when_1H_3H_5S_6S_QD_VS_1H_3H_5S_6S_QD" classname="PokerGameTest" time="0.004"/>
  <testcase name="should_return_player2_when_3H_3H_3S_5S_KD_VS_4H_4H_4S_5S_QD" classname="PokerGameTest" time="0.006"/>
  <system-out><![CDATA[key:4 vale:4
key:4 vale:4
key:12 vale:12
key:12 vale:12
key:5 vale:5
key:5 vale:5
key:6 vale:6
key:5 vale:5
key:4 vale:4
key:3 vale:3
key:12 vale:12
key:12 vale:12
key:6 vale:6
key:11 vale:11
key:1 vale:1
key:3 vale:3
key:12 vale:12
key:12 vale:12
key:6 vale:6
key:6 vale:6
key:5 vale:5
key:5 vale:5
key:3 vale:3
key:3 vale:3
key:1 vale:1
key:1 vale:1
key:3 vale:3
key:4 vale:4
]]></system-out>
  <system-err><![CDATA[]]></system-err>
</testsuite>
