<?xml version="1.0" encoding="UTF-8"?>
<testsuite name="PokerGameTest" tests="1" skipped="0" failures="0" errors="0" timestamp="2019-08-17T15:17:21" hostname="DESKTOP-SFT9UG0" time="0.013">
  <properties/>
  <testcase name="should_return_player1_when_1H_2H_3S_4S_5D_VS_4H_4H_4S_5S_QD" classname="PokerGameTest" time="0.013"/>
  <system-out><![CDATA[i:1 i+1:2
i:2 i+1:3
i:3 i+1:4
i:4 i+1:5
i:4 i+1:4
i:4 i+1:4
i:4 i+1:5
i:5 i+1:12
]]></system-out>
  <system-err><![CDATA[]]></system-err>
</testsuite>
