<?xml version="1.0" encoding="UTF-8"?>
<testsuite name="PokerGameTest" tests="1" skipped="0" failures="0" errors="0" timestamp="2019-08-17T09:44:18" hostname="DESKTOP-SFT9UG0" time="0.006">
  <properties/>
  <testcase name="should_return_draw_when_1H_3H_5S_6S_QD_VS_1H_3H_5S_6S_QD" classname="PokerGameTest" time="0.006"/>
  <system-out><![CDATA[]]></system-out>
  <system-err><![CDATA[]]></system-err>
</testsuite>
